{
  "RSpec": {
    "coverage": {
      "/Users/jvolpe/job_app_repos/colorado_breweries/spec/facades/open_brewery_facade_spec.rb": {
        "lines": [
          1,
          null,
          1,
          1,
          1,
          1,
          1,
          null,
          1,
          1,
          1,
          1,
          1,
          1,
          1,
          1,
          1,
          1,
          1,
          1,
          null,
          null,
          1,
          1,
          1,
          1,
          1,
          null,
          1,
          null,
          430,
          null,
          null,
          null,
          null
        ]
      },
      "/Users/jvolpe/job_app_repos/colorado_breweries/app/facades/open_brewery_facade.rb": {
        "lines": [
          1,
          1,
          2,
          null,
          null,
          1,
          1,
          1,
          433,
          null,
          1,
          429,
          null,
          null,
          null,
          null,
          null,
          null,
          null,
          null,
          null,
          null,
          null,
          null,
          null,
          null,
          null,
          null,
          null,
          null,
          null,
          null
        ]
      },
      "/Users/jvolpe/job_app_repos/colorado_breweries/spec/facades/search_facade_spec.rb": {
        "lines": [
          1,
          null,
          1,
          1,
          1,
          1,
          null,
          null,
          null,
          null,
          1,
          null,
          null,
          null,
          null,
          null,
          1,
          1,
          1,
          1,
          null,
          1,
          1,
          1,
          1,
          null,
          1,
          1,
          null,
          null,
          null,
          null,
          1,
          null,
          null,
          null,
          null,
          1,
          1,
          1,
          null,
          1,
          1,
          1,
          null,
          1,
          1,
          null,
          null,
          null,
          null,
          1,
          null,
          null,
          null,
          null,
          1,
          1,
          1,
          null,
          1,
          1,
          1,
          null,
          1,
          1,
          null,
          null,
          null,
          null,
          1,
          null,
          null,
          null,
          null,
          1,
          1,
          1,
          null,
          1,
          1,
          1,
          null,
          null,
          null
        ]
      },
      "/Users/jvolpe/job_app_repos/colorado_breweries/spec/models/brewery_spec.rb": {
        "lines": [
          1,
          null,
          1,
          1,
          2,
          2,
          null,
          2,
          2,
          2,
          2,
          2,
          2,
          2,
          null,
          1,
          1,
          1,
          1,
          1,
          1,
          1,
          1,
          1,
          1,
          null,
          1,
          1,
          null,
          1,
          1,
          1,
          1,
          1,
          1,
          1,
          1,
          1,
          null,
          1,
          null,
          1,
          1,
          1,
          1,
          1,
          1,
          1,
          1,
          1,
          null,
          1,
          null,
          null,
          null
        ]
      },
      "/Users/jvolpe/job_app_repos/colorado_breweries/app/models/brewery.rb": {
        "lines": [
          1,
          1,
          1,
          null,
          1,
          1,
          1,
          1,
          1,
          1,
          1,
          null,
          1,
          null,
          null,
          null,
          23,
          null,
          null,
          null
        ]
      },
      "/Users/jvolpe/job_app_repos/colorado_breweries/app/models/application_record.rb": {
        "lines": [
          1,
          1,
          null
        ]
      },
      "/Users/jvolpe/job_app_repos/colorado_breweries/spec/models/search_spec.rb": {
        "lines": [
          1,
          null,
          1,
          1,
          2,
          null,
          null,
          null
        ]
      },
      "/Users/jvolpe/job_app_repos/colorado_breweries/app/models/search.rb": {
        "lines": [
          1,
          1,
          null
        ]
      },
      "/Users/jvolpe/job_app_repos/colorado_breweries/spec/requests/api/v1/breweries/index_spec.rb": {
        "lines": [
          1,
          null,
          1,
          1,
          20,
          20,
          null,
          1,
          1,
          1,
          null,
          1,
          1,
          1,
          1,
          1,
          null,
          1,
          1,
          null,
          1,
          1,
          1,
          1,
          1,
          null,
          1,
          1,
          null,
          1,
          1,
          1,
          1,
          1,
          1,
          null,
          1,
          1,
          null,
          1,
          1,
          1,
          1,
          1,
          3,
          null,
          1,
          1,
          null,
          1,
          1,
          null,
          1,
          1,
          1,
          21,
          null,
          1,
          1,
          null,
          1,
          1,
          1,
          1,
          1,
          21,
          null,
          1,
          1,
          null,
          1,
          1,
          1,
          1,
          1,
          8,
          null,
          1,
          1,
          null,
          1,
          1,
          1,
          1,
          1,
          10,
          null,
          1,
          1,
          null,
          1,
          1,
          1,
          1,
          1,
          19,
          19,
          null,
          1,
          1,
          null,
          1,
          1,
          1,
          1,
          1,
          13,
          13,
          13,
          null,
          1,
          1,
          null,
          1,
          1,
          1,
          1,
          1,
          19,
          19,
          1,
          null,
          1,
          null,
          1,
          null,
          1,
          1,
          1,
          1,
          1,
          21,
          1,
          1,
          null,
          1,
          null,
          1,
          null,
          1,
          1,
          1,
          1,
          1,
          21,
          1,
          null,
          null,
          1,
          1,
          1,
          null,
          1,
          1,
          1,
          null,
          1,
          null,
          1,
          1,
          null,
          1,
          1,
          1,
          null,
          1,
          null,
          1,
          1,
          null,
          1,
          1,
          1,
          null,
          1,
          null,
          1,
          1,
          null,
          1,
          1,
          1,
          null,
          1,
          null,
          1,
          1,
          null,
          1,
          1,
          1,
          null,
          1,
          null,
          1,
          1,
          null,
          1,
          1,
          1,
          1,
          1,
          null,
          1,
          1,
          null,
          1,
          1,
          1,
          1,
          1,
          null,
          null,
          null
        ]
      },
      "/Users/jvolpe/job_app_repos/colorado_breweries/spec/services/open_brewery_service_spec.rb": {
        "lines": [
          1,
          null,
          1,
          1,
          1,
          1,
          1,
          null,
          1,
          1,
          1,
          1,
          1,
          1,
          1,
          1,
          1,
          1,
          1,
          1,
          null,
          null,
          1,
          1,
          1,
          1,
          null,
          1,
          1,
          null,
          null,
          null
        ]
      },
      "/Users/jvolpe/job_app_repos/colorado_breweries/app/services/open_brewery_service.rb": {
        "lines": [
          1,
          1,
          4,
          null,
          null,
          1,
          4,
          4,
          null,
          null,
          null
        ]
      },
      "/Users/jvolpe/job_app_repos/colorado_breweries/app/facades/brewery_facade.rb": {
        "lines": [
          1,
          1,
          20,
          null,
          null,
          1,
          15,
          15,
          null,
          null,
          1,
          17,
          17,
          7,
          null,
          17,
          null,
          null,
          null
        ]
      },
      "/Users/jvolpe/job_app_repos/colorado_breweries/app/facades/search_facade.rb": {
        "lines": [
          1,
          1,
          28,
          null,
          null,
          null,
          null,
          null,
          null,
          null,
          null,
          null,
          28,
          28,
          224,
          null,
          null,
          28,
          4,
          4,
          null,
          24,
          null,
          null,
          null
        ]
      },
      "/Users/jvolpe/job_app_repos/colorado_breweries/app/controllers/api/v1/breweries_controller.rb": {
        "lines": [
          1,
          1,
          20,
          20,
          20,
          5,
          null,
          15,
          15,
          15,
          null,
          null,
          null,
          null,
          1,
          1,
          100,
          null,
          null,
          1,
          35,
          null,
          null
        ]
      },
      "/Users/jvolpe/job_app_repos/colorado_breweries/app/controllers/application_controller.rb": {
        "lines": [
          1,
          1,
          1,
          null,
          1,
          0,
          null,
          null,
          1,
          0,
          null,
          null,
          1,
          16,
          null,
          null,
          1,
          16,
          null,
          null,
          1,
          15,
          14,
          null,
          1,
          null,
          null,
          null
        ]
      },
      "/Users/jvolpe/job_app_repos/colorado_breweries/app/serializers/brewery_serializer.rb": {
        "lines": [
          1,
          1,
          1,
          null
        ]
      }
    },
    "timestamp": 1624033462
  }
}
